[35m[Appium][39m Welcome to Appium v1.17.0
[35m[Appium][39m Non-default server args:
[35m[Appium][39m   port: 1509
[35m[Appium][39m   loglevel: info
[35m[Appium][39m   tmpDir: C:\Users\THONGN~1\AppData\Local\Temp\\Katalon\Appium\Temp1587716967320
[35m[Appium][39m   chromedriverPort: 1511
[35m[Appium][39m Deprecated server args:
[35m[Appium][39m   [31m--chromedriver-port[39m => --default-capabilities '{"chromedriverPort":1511}'
[35m[Appium][39m Default capabilities, which will be added to each request unless overridden by desired capabilities:
[35m[Appium][39m   chromedriverPort: 1511
[35m[Appium][39m Appium REST http interface listener started on 0.0.0.0:1509
[35m[HTTP][39m [37m-->[39m [37mGET[39m [37m/wd/hub/status[39m
[35m[HTTP][39m [90m{}[39m
[35m[HTTP][39m [37m<-- GET /wd/hub/status [39m[32m200[39m [90m5 ms - 68[39m
[35m[HTTP][39m [90m[39m
[35m[HTTP][39m [37m-->[39m [37mGET[39m [37m/wd/hub/status[39m
[35m[HTTP][39m [90m{}[39m
[35m[HTTP][39m [37m<-- GET /wd/hub/status [39m[32m200[39m [90m1 ms - 68[39m
[35m[HTTP][39m [90m[39m
[35m[HTTP][39m [37m-->[39m [37mPOST[39m [37m/wd/hub/session[39m
[35m[HTTP][39m [90m{"desiredCapabilities":{"appActivity":".Settings","appPackage":"com.android.settings","newCommandTimeout":1800,"platformVersion":"7.1.1","automationName":"uiautomator2","autoGrantPermissions":true,"platformName":"Android","udid":"HT5ADJT00353","deviceName":"htc Nexus 9 (Android 7.1.1)","platform":"ANDROID","systemPort":8229},"capabilities":{"firstMatch":[{"appium:appActivity":".Settings","appium:appPackage":"com.android.settings","appium:autoGrantPermissions":true,"appium:automationName":"uiautomator2","appium:deviceName":"htc Nexus 9 (Android 7.1.1)","appium:newCommandTimeout":1800,"platform":"ANDROID","platformName":"android","appium:platformVersion":"7.1.1","appium:systemPort":8229,"appium:udid":"HT5ADJT00353"}]}}[39m
[35m[BaseDriver][39m The following capabilities are not standard capabilities and should have an extension prefix:
[35m[BaseDriver][39m   platform
[35m[BaseDriver][39m   chromedriverPort
[35m[Appium][39m Appium v1.17.0 creating new AndroidUiautomator2Driver (v1.44.2) session
[35m[BaseDriver][39m The following capabilities were provided, but are not recognized by Appium:
[35m[BaseDriver][39m   platform
[35m[BaseDriver][39m Session created with session id: f19c58d2-43aa-49a3-88ab-ca0d1b2333f2
[35m[UiAutomator2][39m Starting 'com.android.settings' directly on the device
[35m[ADB][39m Found 1 'build-tools' folders under 'C:\Users\thongnmtran\.katalon\tools\android_sdk' (newest first):
[35m[ADB][39m     C:/Users/thongnmtran/.katalon/tools/android_sdk/build-tools/29.0.3
[35m[ADB][39m Using 'adb.exe' from 'C:\Users\thongnmtran\.katalon\tools\android_sdk\platform-tools\adb.exe'
[35m[AndroidDriver][39m Retrieving device list
[35m[AndroidDriver][39m Using device: HT5ADJT00353
[35m[ADB][39m Using 'adb.exe' from 'C:\Users\thongnmtran\.katalon\tools\android_sdk\platform-tools\adb.exe'
[35m[AndroidDriver][39m No app sent in, not parsing package/activity
[35m[ADB][39m Using 'apksigner.jar' from 'C:\Users\thongnmtran\.katalon\tools\android_sdk\build-tools\29.0.3\lib\apksigner.jar'
[35m[UiAutomator2][39m Server packages are not going to be (re)installed
[35m[ADB][39m com.android.settings contains no permissions available for granting
[35m[UiAutomator2][39m Starting UIAutomator2 server 4.5.5
[35m[UiAutomator2][39m Using UIAutomator2 server from 'C:\Users\thongnmtran\AppData\Roaming\nvm\v12.13.0\node_modules\appium\node_modules\appium-uiautomator2-server\apks\appium-uiautomator2-server-v4.5.5.apk' and test from 'C:\Users\thongnmtran\AppData\Roaming\nvm\v12.13.0\node_modules\appium\node_modules\appium-uiautomator2-server\apks\appium-uiautomator2-server-debug-androidTest.apk'
[35m[UiAutomator2][39m Waiting up to 30000ms for UiAutomator2 to be online...
[35m[WD Proxy][39m Got response with unknown status: {"code":"ECONNRESET"}
[35m[WD Proxy][39m Got response with unknown status: {"code":"ECONNRESET"}
[35m[WD Proxy][39m Determined the downstream protocol as 'W3C'
[35m[AndroidDriver][39m Screen already unlocked, doing nothing
[35m[UiAutomator2][39m Starting 'com.android.settings/.Settings and waiting for 'com.android.settings/.Settings'
[35m[Appium][39m New AndroidUiautomator2Driver session created successfully, session f19c58d2-43aa-49a3-88ab-ca0d1b2333f2 added to master session list
[35m[HTTP][39m [37m<-- POST /wd/hub/session [39m[32m200[39m [90m42796 ms - 1155[39m
[35m[HTTP][39m [90m[39m
[35m[HTTP][39m [37m-->[39m [37mGET[39m [37m/wd/hub/session/f19c58d2-43aa-49a3-88ab-ca0d1b2333f2[39m
[35m[HTTP][39m [90m{}[39m
[35m[HTTP][39m [37m<-- GET /wd/hub/session/f19c58d2-43aa-49a3-88ab-ca0d1b2333f2 [39m[32m200[39m [90m7 ms - 1087[39m
[35m[HTTP][39m [90m[39m
[35m[HTTP][39m [37m-->[39m [37mGET[39m [37m/wd/hub/session/f19c58d2-43aa-49a3-88ab-ca0d1b2333f2[39m
[35m[HTTP][39m [90m{}[39m
[35m[HTTP][39m [37m<-- GET /wd/hub/session/f19c58d2-43aa-49a3-88ab-ca0d1b2333f2 [39m[32m200[39m [90m6 ms - 1087[39m
[35m[HTTP][39m [90m[39m
[35m[HTTP][39m [37m-->[39m [37mGET[39m [37m/wd/hub/status[39m
[35m[HTTP][39m [90m{}[39m
[35m[HTTP][39m [37m<-- GET /wd/hub/status [39m[32m200[39m [90m1 ms - 68[39m
[35m[HTTP][39m [90m[39m
[35m[HTTP][39m [37m-->[39m [37mPOST[39m [37m/wd/hub/session/f19c58d2-43aa-49a3-88ab-ca0d1b2333f2/timeouts[39m
[35m[HTTP][39m [90m{"implicit":60000}[39m
[35m[HTTP][39m [37m<-- POST /wd/hub/session/f19c58d2-43aa-49a3-88ab-ca0d1b2333f2/timeouts [39m[32m200[39m [90m2 ms - 14[39m
[35m[HTTP][39m [90m[39m
[35m[HTTP][39m [37m-->[39m [37mPOST[39m [37m/wd/hub/session/f19c58d2-43aa-49a3-88ab-ca0d1b2333f2/appium/device/activate_app[39m
[35m[HTTP][39m [90m{"bundleId":"com.hmh.api"}[39m
[35m[HTTP][39m [37m<-- POST /wd/hub/session/f19c58d2-43aa-49a3-88ab-ca0d1b2333f2/appium/device/activate_app [39m[32m200[39m [90m3558 ms - 14[39m
[35m[HTTP][39m [90m[39m
[35m[HTTP][39m [37m-->[39m [37mGET[39m [37m/wd/hub/session/f19c58d2-43aa-49a3-88ab-ca0d1b2333f2/source[39m
[35m[HTTP][39m [90m{}[39m
[35m[W3C (f19c58d2)][39m Driver proxy active, passing request on via HTTP proxy
[35m[WD Proxy][39m Replacing sessionId b09ad826-2b6a-49f0-a3da-26efa49e1fa5 with f19c58d2-43aa-49a3-88ab-ca0d1b2333f2
[35m[HTTP][39m [37m<-- GET /wd/hub/session/f19c58d2-43aa-49a3-88ab-ca0d1b2333f2/source [39m[32m200[39m [90m1141 ms - 7645[39m
[35m[HTTP][39m [90m[39m
[35m[HTTP][39m [37m-->[39m [37mGET[39m [37m/wd/hub/session/f19c58d2-43aa-49a3-88ab-ca0d1b2333f2/screenshot[39m
[35m[HTTP][39m [90m{}[39m
[35m[HTTP][39m [37m<-- GET /wd/hub/session/f19c58d2-43aa-49a3-88ab-ca0d1b2333f2/screenshot [39m[32m200[39m [90m1376 ms - 79696[39m
[35m[HTTP][39m [90m[39m
[35m[HTTP][39m [37m-->[39m [37mGET[39m [37m/wd/hub/session/f19c58d2-43aa-49a3-88ab-ca0d1b2333f2/window/rect[39m
[35m[HTTP][39m [90m{}[39m
[35m[HTTP][39m [37m<-- GET /wd/hub/session/f19c58d2-43aa-49a3-88ab-ca0d1b2333f2/window/rect [39m[32m200[39m [90m16 ms - 50[39m
[35m[HTTP][39m [90m[39m
[35m[HTTP][39m [37m-->[39m [37mPOST[39m [37m/wd/hub/session/f19c58d2-43aa-49a3-88ab-ca0d1b2333f2/elements[39m
[35m[HTTP][39m [90m{"using":"xpath","value":"//hierarchy/android.widget.FrameLayout[1]/android.view.ViewGroup[1]/android.widget.FrameLayout[2]/android.widget.ListView[1]/android.widget.TextView[11]"}[39m
[35m[HTTP][39m [37m<-- POST /wd/hub/session/f19c58d2-43aa-49a3-88ab-ca0d1b2333f2/elements [39m[32m200[39m [90m179 ms - 139[39m
[35m[HTTP][39m [90m[39m
[35m[HTTP][39m [37m-->[39m [37mGET[39m [37m/wd/hub/session/f19c58d2-43aa-49a3-88ab-ca0d1b2333f2/element/1fcf03a3-877f-405f-9ce1-b6478bd90577/location[39m
[35m[HTTP][39m [90m{}[39m
[35m[W3C (f19c58d2)][39m Driver proxy active, passing request on via HTTP proxy
[35m[WD Proxy][39m Replacing sessionId b09ad826-2b6a-49f0-a3da-26efa49e1fa5 with f19c58d2-43aa-49a3-88ab-ca0d1b2333f2
[35m[HTTP][39m [37m<-- GET /wd/hub/session/f19c58d2-43aa-49a3-88ab-ca0d1b2333f2/element/1fcf03a3-877f-405f-9ce1-b6478bd90577/location [39m[32m200[39m [90m11 ms - 77[39m
[35m[HTTP][39m [90m[39m
[35m[HTTP][39m [37m-->[39m [37mPOST[39m [37m/wd/hub/session/f19c58d2-43aa-49a3-88ab-ca0d1b2333f2/touch/perform[39m
[35m[HTTP][39m [90m{"actions":[{"action":"tap","options":{"x":1,"y":1,"element":"1fcf03a3-877f-405f-9ce1-b6478bd90577"}}]}[39m
[35m[UiAutomator2][39m calling get location: 1fcf03a3-877f-405f-9ce1-b6478bd90577
[35m[HTTP][39m [37m<-- POST /wd/hub/session/f19c58d2-43aa-49a3-88ab-ca0d1b2333f2/touch/perform [39m[32m200[39m [90m1076 ms - 14[39m
[35m[HTTP][39m [90m[39m
[35m[HTTP][39m [37m-->[39m [37mGET[39m [37m/wd/hub/session/f19c58d2-43aa-49a3-88ab-ca0d1b2333f2/source[39m
[35m[HTTP][39m [90m{}[39m
[35m[W3C (f19c58d2)][39m Driver proxy active, passing request on via HTTP proxy
[35m[WD Proxy][39m Replacing sessionId b09ad826-2b6a-49f0-a3da-26efa49e1fa5 with f19c58d2-43aa-49a3-88ab-ca0d1b2333f2
[35m[HTTP][39m [37m<-- GET /wd/hub/session/f19c58d2-43aa-49a3-88ab-ca0d1b2333f2/source [39m[32m200[39m [90m121 ms - 10993[39m
[35m[HTTP][39m [90m[39m
[35m[HTTP][39m [37m-->[39m [37mGET[39m [37m/wd/hub/session/f19c58d2-43aa-49a3-88ab-ca0d1b2333f2/screenshot[39m
[35m[HTTP][39m [90m{}[39m
[35m[HTTP][39m [37m<-- GET /wd/hub/session/f19c58d2-43aa-49a3-88ab-ca0d1b2333f2/screenshot [39m[32m200[39m [90m956 ms - 135820[39m
[35m[HTTP][39m [90m[39m
[35m[HTTP][39m [37m-->[39m [37mGET[39m [37m/wd/hub/session/f19c58d2-43aa-49a3-88ab-ca0d1b2333f2/context[39m
[35m[HTTP][39m [90m{}[39m
[35m[HTTP][39m [37m<-- GET /wd/hub/session/f19c58d2-43aa-49a3-88ab-ca0d1b2333f2/context [39m[32m200[39m [90m1 ms - 22[39m
[35m[HTTP][39m [90m[39m
[35m[HTTP][39m [37m-->[39m [37mGET[39m [37m/wd/hub/session/f19c58d2-43aa-49a3-88ab-ca0d1b2333f2/contexts[39m
[35m[HTTP][39m [90m{}[39m
[35m[AndroidDriver][39m Not checking whether webviews have active pages; use the 'ensureWebviewsHavePages' cap to turn this check on
[35m[HTTP][39m [37m<-- GET /wd/hub/session/f19c58d2-43aa-49a3-88ab-ca0d1b2333f2/contexts [39m[32m200[39m [90m964 ms - 24[39m
[35m[HTTP][39m [90m[39m
[35m[HTTP][39m [37m-->[39m [37mPOST[39m [37m/wd/hub/session/f19c58d2-43aa-49a3-88ab-ca0d1b2333f2/context[39m
[35m[HTTP][39m [90m{"name":"NATIVE_APP"}[39m
[35m[HTTP][39m [37m<-- POST /wd/hub/session/f19c58d2-43aa-49a3-88ab-ca0d1b2333f2/context [39m[32m200[39m [90m1 ms - 14[39m
[35m[HTTP][39m [90m[39m
[35m[HTTP][39m [37m-->[39m [37mPOST[39m [37m/wd/hub/session/f19c58d2-43aa-49a3-88ab-ca0d1b2333f2/element[39m
[35m[HTTP][39m [90m{"using":"-android uiautomator","value":"new UiScrollable(new UiSelector().scrollable(true).instance(0)).scrollIntoView(new UiSelector().textContains(\"WebView\"))"}[39m
[35m[HTTP][39m [37m<-- POST /wd/hub/session/f19c58d2-43aa-49a3-88ab-ca0d1b2333f2/element [39m[32m200[39m [90m4356 ms - 137[39m
[35m[HTTP][39m [90m[39m
[35m[HTTP][39m [37m-->[39m [37mPOST[39m [37m/wd/hub/session/f19c58d2-43aa-49a3-88ab-ca0d1b2333f2/context[39m
[35m[HTTP][39m [90m{"name":"NATIVE_APP"}[39m
[35m[HTTP][39m [37m<-- POST /wd/hub/session/f19c58d2-43aa-49a3-88ab-ca0d1b2333f2/context [39m[32m200[39m [90m1 ms - 14[39m
[35m[HTTP][39m [90m[39m
[35m[HTTP][39m [37m-->[39m [37mGET[39m [37m/wd/hub/session/f19c58d2-43aa-49a3-88ab-ca0d1b2333f2/source[39m
[35m[HTTP][39m [90m{}[39m
[35m[W3C (f19c58d2)][39m Driver proxy active, passing request on via HTTP proxy
[35m[WD Proxy][39m Replacing sessionId b09ad826-2b6a-49f0-a3da-26efa49e1fa5 with f19c58d2-43aa-49a3-88ab-ca0d1b2333f2
[35m[HTTP][39m [37m<-- GET /wd/hub/session/f19c58d2-43aa-49a3-88ab-ca0d1b2333f2/source [39m[32m200[39m [90m83 ms - 10985[39m
[35m[HTTP][39m [90m[39m
[35m[HTTP][39m [37m-->[39m [37mGET[39m [37m/wd/hub/session/f19c58d2-43aa-49a3-88ab-ca0d1b2333f2/screenshot[39m
[35m[HTTP][39m [90m{}[39m
[35m[HTTP][39m [37m<-- GET /wd/hub/session/f19c58d2-43aa-49a3-88ab-ca0d1b2333f2/screenshot [39m[32m200[39m [90m592 ms - 135942[39m
[35m[HTTP][39m [90m[39m
[35m[HTTP][39m [37m-->[39m [37mGET[39m [37m/wd/hub/session/f19c58d2-43aa-49a3-88ab-ca0d1b2333f2/window/rect[39m
[35m[HTTP][39m [90m{}[39m
[35m[HTTP][39m [37m<-- GET /wd/hub/session/f19c58d2-43aa-49a3-88ab-ca0d1b2333f2/window/rect [39m[32m200[39m [90m17 ms - 50[39m
[35m[HTTP][39m [90m[39m
[35m[HTTP][39m [37m-->[39m [37mPOST[39m [37m/wd/hub/session/f19c58d2-43aa-49a3-88ab-ca0d1b2333f2/elements[39m
[35m[HTTP][39m [90m{"using":"xpath","value":"//hierarchy/android.widget.FrameLayout[1]/android.view.ViewGroup[1]/android.widget.FrameLayout[2]/android.widget.ListView[1]/android.widget.TextView[19]"}[39m
[35m[HTTP][39m [37m<-- POST /wd/hub/session/f19c58d2-43aa-49a3-88ab-ca0d1b2333f2/elements [39m[32m200[39m [90m117 ms - 139[39m
[35m[HTTP][39m [90m[39m
[35m[HTTP][39m [37m-->[39m [37mGET[39m [37m/wd/hub/session/f19c58d2-43aa-49a3-88ab-ca0d1b2333f2/element/f266d9c4-5cfc-4114-a519-f262eb1013f6/location[39m
[35m[HTTP][39m [90m{}[39m
[35m[W3C (f19c58d2)][39m Driver proxy active, passing request on via HTTP proxy
[35m[WD Proxy][39m Replacing sessionId b09ad826-2b6a-49f0-a3da-26efa49e1fa5 with f19c58d2-43aa-49a3-88ab-ca0d1b2333f2
[35m[HTTP][39m [37m<-- GET /wd/hub/session/f19c58d2-43aa-49a3-88ab-ca0d1b2333f2/element/f266d9c4-5cfc-4114-a519-f262eb1013f6/location [39m[32m200[39m [90m10 ms - 77[39m
[35m[HTTP][39m [90m[39m
[35m[HTTP][39m [37m-->[39m [37mPOST[39m [37m/wd/hub/session/f19c58d2-43aa-49a3-88ab-ca0d1b2333f2/touch/perform[39m
[35m[HTTP][39m [90m{"actions":[{"action":"tap","options":{"x":1,"y":1,"element":"f266d9c4-5cfc-4114-a519-f262eb1013f6"}}]}[39m
[35m[UiAutomator2][39m calling get location: f266d9c4-5cfc-4114-a519-f262eb1013f6
[35m[HTTP][39m [37m<-- POST /wd/hub/session/f19c58d2-43aa-49a3-88ab-ca0d1b2333f2/touch/perform [39m[32m200[39m [90m21 ms - 14[39m
[35m[HTTP][39m [90m[39m
[35m[HTTP][39m [37m-->[39m [37mGET[39m [37m/wd/hub/session/f19c58d2-43aa-49a3-88ab-ca0d1b2333f2/source[39m
[35m[HTTP][39m [90m{}[39m
[35m[W3C (f19c58d2)][39m Driver proxy active, passing request on via HTTP proxy
[35m[WD Proxy][39m Replacing sessionId b09ad826-2b6a-49f0-a3da-26efa49e1fa5 with f19c58d2-43aa-49a3-88ab-ca0d1b2333f2
[35m[HTTP][39m [37m<-- GET /wd/hub/session/f19c58d2-43aa-49a3-88ab-ca0d1b2333f2/source [39m[32m200[39m [90m882 ms - 10985[39m
[35m[HTTP][39m [90m[39m
[35m[HTTP][39m [37m-->[39m [37mGET[39m [37m/wd/hub/session/f19c58d2-43aa-49a3-88ab-ca0d1b2333f2/screenshot[39m
[35m[HTTP][39m [90m{}[39m
[35m[HTTP][39m [37m<-- GET /wd/hub/session/f19c58d2-43aa-49a3-88ab-ca0d1b2333f2/screenshot [39m[32m200[39m [90m884 ms - 41968[39m
[35m[HTTP][39m [90m[39m
[35m[HTTP][39m [37m-->[39m [37mDELETE[39m [37m/wd/hub/session/f19c58d2-43aa-49a3-88ab-ca0d1b2333f2[39m
[35m[HTTP][39m [90m{}[39m
[35m[Appium][39m Removing session f19c58d2-43aa-49a3-88ab-ca0d1b2333f2 from our master session list
[35m[HTTP][39m [37m<-- DELETE /wd/hub/session/f19c58d2-43aa-49a3-88ab-ca0d1b2333f2 [39m[32m200[39m [90m2741 ms - 14[39m
[35m[HTTP][39m [90m[39m
